<?xml version="1.0" encoding="UTF-8"?>
<!-- Generated by org.testng.reporters.JUnitReportReporter -->
<testsuite skipped="0" hostname="LAPTOP-BPI9200A" name="com.herokuapp.testsuite.LoginPageTest" tests="3" failures="0" timestamp="2022-12-11T23:07:34 GMT" time="14.761" errors="0">
  <testcase name="verifyThePasswordErrorMessage" time="4.539" classname="com.herokuapp.testsuite.LoginPageTest"/>
  <system-out>
    <![CDATA[Enter User Name[[ChromeDriver: chrome on WINDOWS (77b1cefec9732a01af512f4e30dd45a4)] -> id: username]
Enter Password[[ChromeDriver: chrome on WINDOWS (77b1cefec9732a01af512f4e30dd45a4)] -> id: password]
Click On Login Button[[ChromeDriver: chrome on WINDOWS (77b1cefec9732a01af512f4e30dd45a4)] -> xpath: //button[@type='submit']]
invalid User And Password Message[[ChromeDriver: chrome on WINDOWS (77b1cefec9732a01af512f4e30dd45a4)] -> xpath: //div[@id='flash-messages']]]]>
  </system-out>
  <testcase name="UserShouldLoginSuccessfullyWithValidCredentials" time="4.187" classname="com.herokuapp.testsuite.LoginPageTest"/>
  <system-out>
    <![CDATA[Enter User Name[[ChromeDriver: chrome on WINDOWS (2fc4dcf772a3f8c3307902244cd35552)] -> id: username]
Enter Password[[ChromeDriver: chrome on WINDOWS (2fc4dcf772a3f8c3307902244cd35552)] -> id: password]
Click On Login Button[[ChromeDriver: chrome on WINDOWS (2fc4dcf772a3f8c3307902244cd35552)] -> xpath: //button[@type='submit']]
get Secure Area Text[[ChromeDriver: chrome on WINDOWS (2fc4dcf772a3f8c3307902244cd35552)] -> xpath: //h2[text()=' Secure Area']]]]>
  </system-out>
  <testcase name="verifyTheUsernameErrorMessage" time="6.035" classname="com.herokuapp.testsuite.LoginPageTest"/>
  <system-out>
    <![CDATA[Enter User Name[[ChromeDriver: chrome on WINDOWS (5c9af186bd4095a09d283155e73cb5ff)] -> id: username]
Enter Password[[ChromeDriver: chrome on WINDOWS (5c9af186bd4095a09d283155e73cb5ff)] -> id: password]
Click On Login Button[[ChromeDriver: chrome on WINDOWS (5c9af186bd4095a09d283155e73cb5ff)] -> xpath: //button[@type='submit']]
invalid User And Password Message[[ChromeDriver: chrome on WINDOWS (5c9af186bd4095a09d283155e73cb5ff)] -> xpath: //div[@id='flash-messages']]]]>
  </system-out>
</testsuite> <!-- com.herokuapp.testsuite.LoginPageTest -->
